<?xml version="1.0" encoding="UTF-8"?>
<!-- Generated by org.testng.reporters.JUnitReportReporter -->
<testsuite name="runnerfile.PointRunner" tests="3" time="66.495" ignored="0" failures="0" timestamp="16 Mar 2021 17:21:05 GMT" skipped="0" hostname="DESKTOP-GL987L8" errors="0">
  <testcase name="runScenario" time="42.400" classname="runnerfile.PointRunner"/>
  <testcase name="runScenario" time="13.165" classname="runnerfile.PointRunner"/>
  <testcase name="runScenario" time="10.930" classname="runnerfile.PointRunner"/>
</testsuite> <!-- runnerfile.PointRunner -->
