<?xml version="1.0" encoding="UTF-8"?>
<!-- Generated by org.testng.reporters.JUnitReportReporter -->
<testsuite name="runnerfile.IRCTCRunner" tests="1" time="39.277" ignored="0" failures="0" timestamp="25 Dec 2020 10:46:54 GMT" skipped="0" hostname="DESKTOP-GL987L8" errors="0">
  <testcase name="runScenario" time="39.277" classname="runnerfile.IRCTCRunner"/>
</testsuite> <!-- runnerfile.IRCTCRunner -->
