<?xml version="1.0" encoding="UTF-8"?>
<!-- Generated by org.testng.reporters.JUnitReportReporter -->
<testsuite name="runnerfile.AmazonRunner" tests="1" time="86.031" ignored="0" failures="0" timestamp="25 Dec 2020 12:57:38 GMT" skipped="0" hostname="DESKTOP-GL987L8" errors="0">
  <testcase name="runScenario" time="86.031" classname="runnerfile.AmazonRunner"/>
</testsuite> <!-- runnerfile.AmazonRunner -->
