<?xml version="1.0" encoding="UTF-8"?>
<!-- Generated by org.testng.reporters.JUnitReportReporter -->
<testsuite skipped="0" hostname="LAPTOP-4EVRLQKE" name="runnerfile.Runner" tests="4" failures="0" timestamp="2021-03-17T12:06:32 GMT" time="98.568" errors="0">
  <testcase name="runScenario" time="19.378" classname="runnerfile.Runner"/>
  <testcase name="runScenario" time="15.231" classname="runnerfile.Runner"/>
  <testcase name="runScenario" time="46.448" classname="runnerfile.Runner"/>
  <testcase name="runScenario" time="17.511" classname="runnerfile.Runner"/>
</testsuite> <!-- runnerfile.Runner -->
